Graph/facebook/tests/build/outputs/logs/manifest-merger-debug-report.txt
-- Merging decision tree log ---
manifest
ADDED from AndroidManifest.xml:23:1
	xmlns:android
		ADDED from AndroidManifest.xml:23:11
	package
		ADDED from AndroidManifest.xml:24:11
	android:versionName
		ADDED from AndroidManifest.xml:26:11
	android:versionCode
		ADDED from AndroidManifest.xml:25:11
		INJECTED from AndroidManifest.xml:0:0
		INJECTED from AndroidManifest.xml:0:0
uses-permission#android.permission.INTERNET
ADDED from AndroidManifest.xml:27:5
	android:name
		ADDED from AndroidManifest.xml:27:22
uses-sdk
ADDED from AndroidManifest.xml:28:5
MERGED from com.facebook.android:facebook:4.7.0:24:5
MERGED from com.android.support:support-v4:22.2.1:20:5
	android:targetSdkVersion
		ADDED from AndroidManifest.xml:28:41
		INJECTED from AndroidManifest.xml:0:0
		INJECTED from AndroidManifest.xml:0:0
	android:minSdkVersion
		ADDED from AndroidManifest.xml:28:15
		INJECTED from AndroidManifest.xml:0:0
		INJECTED from AndroidManifest.xml:0:0
application
ADDED from AndroidManifest.xml:32:5
MERGED from com.facebook.android:facebook:4.7.0:28:5
MERGED from com.android.support:support-v4:22.2.1:22:5
uses-library#android.test.runner
ADDED from AndroidManifest.xml:33:9
	android:name
		ADDED from AndroidManifest.xml:33:23
activity#com.facebook.FacebookTestCase$FacebookTestActivity
ADDED from AndroidManifest.xml:34:9
	android:name
		ADDED from AndroidManifest.xml:34:19
activity#com.facebook.FacebookActivity
ADDED from AndroidManifest.xml:35:9
	android:name
		ADDED from AndroidManifest.xml:35:19
activity#com.facebook.FacebookActivityTests$FacebookTestActivity
ADDED from AndroidManifest.xml:36:9
	android:name
		ADDED from AndroidManifest.xml:36:19
meta-data#com.facebook.sdk.ApplicationId
ADDED from AndroidManifest.xml:37:9
	android:name
		ADDED from AndroidManifest.xml:37:20
	android:value
		ADDED from AndroidManifest.xml:37:66
meta-data#com.facebook.sdk.ClientToken
ADDED from AndroidManifest.xml:38:9
	android:name
		ADDED from AndroidManifest.xml:38:20
	android:value
		ADDED from AndroidManifest.xml:38:64
instrumentation#android.test.InstrumentationTestRunner
ADDED from AndroidManifest.xml:45:5
	android:label
		ADDED from AndroidManifest.xml:47:22
	android:targetPackage
		ADDED from AndroidManifest.xml:46:22
	android:name
		ADDED from AndroidManifest.xml:45:22